Using pre-set license
Built from '2022.3/staging' branch; Version is '2022.3.2f1 (d74737c6db50) revision 14108471'; Using compiler version '192829333'; Build Type 'Release'
OS: 'Windows 11  (10.0.22621) 64bit CoreSingleLanguage' Language: 'en' Physical Memory: 24300 MB
BatchMode: 1, IsHumanControllingUs: 0, StartBugReporterOnCrash: 0, Is64bit: 1, IsPro: 1

COMMAND LINE ARGUMENTS:
D:\Unity\2022.3.2f1\Editor\Unity.exe
-adb2
-batchMode
-noUpm
-name
AssetImportWorker1
-projectPath
D:/Unity/Lesson_02
-logFile
Logs/AssetImportWorker1.log
-srvPort
55727
Successfully changed project path to: D:/Unity/Lesson_02
D:/Unity/Lesson_02
[UnityMemory] Configuration Parameters - Can be set up in boot.config
    "memorysetup-bucket-allocator-granularity=16"
    "memorysetup-bucket-allocator-bucket-count=8"
    "memorysetup-bucket-allocator-block-size=33554432"
    "memorysetup-bucket-allocator-block-count=8"
    "memorysetup-main-allocator-block-size=16777216"
    "memorysetup-thread-allocator-block-size=16777216"
    "memorysetup-gfx-main-allocator-block-size=16777216"
    "memorysetup-gfx-thread-allocator-block-size=16777216"
    "memorysetup-cache-allocator-block-size=4194304"
    "memorysetup-typetree-allocator-block-size=2097152"
    "memorysetup-profiler-bucket-allocator-granularity=16"
    "memorysetup-profiler-bucket-allocator-bucket-count=8"
    "memorysetup-profiler-bucket-allocator-block-size=33554432"
    "memorysetup-profiler-bucket-allocator-block-count=8"
    "memorysetup-profiler-allocator-block-size=16777216"
    "memorysetup-profiler-editor-allocator-block-size=1048576"
    "memorysetup-temp-allocator-size-main=16777216"
    "memorysetup-job-temp-allocator-block-size=2097152"
    "memorysetup-job-temp-allocator-block-size-background=1048576"
    "memorysetup-job-temp-allocator-reduction-small-platforms=262144"
    "memorysetup-allocator-temp-initial-block-size-main=262144"
    "memorysetup-allocator-temp-initial-block-size-worker=262144"
    "memorysetup-temp-allocator-size-background-worker=32768"
    "memorysetup-temp-allocator-size-job-worker=262144"
    "memorysetup-temp-allocator-size-preload-manager=33554432"
    "memorysetup-temp-allocator-size-nav-mesh-worker=65536"
    "memorysetup-temp-allocator-size-audio-worker=65536"
    "memorysetup-temp-allocator-size-cloud-worker=32768"
    "memorysetup-temp-allocator-size-gi-baking-worker=262144"
    "memorysetup-temp-allocator-size-gfx=262144"
Player connection [16168] Host "[IP] 192.168.56.1 [Port] 0 [Flags] 2 [Guid] 2301350604 [EditorId] 2301350604 [Version] 1048832 [Id] WindowsEditor(7,AnhKhoa) [Debug] 1 [PackageName] WindowsEditor [ProjectName] Editor" joined multi-casting on [225.0.0.222:54997]...

Player connection [16168] Host "[IP] 192.168.56.1 [Port] 0 [Flags] 2 [Guid] 2301350604 [EditorId] 2301350604 [Version] 1048832 [Id] WindowsEditor(7,AnhKhoa) [Debug] 1 [PackageName] WindowsEditor [ProjectName] Editor" joined alternative multi-casting on [225.0.0.222:34997]...

Refreshing native plugins compatible for Editor in 3.04 ms, found 3 plugins.
Preloading 0 native plugins for Editor in 0.00 ms.
Initialize engine version: 2022.3.2f1 (d74737c6db50)
[Subsystems] Discovering subsystems at path D:/Unity/2022.3.2f1/Editor/Data/Resources/UnitySubsystems
[Subsystems] Discovering subsystems at path D:/Unity/Lesson_02/Assets
GfxDevice: creating device client; threaded=0; jobified=0
Direct3D:
    Version:  Direct3D 11.0 [level 11.1]
    Renderer: NVIDIA GeForce RTX 3050 Laptop GPU (ID=0x25e2)
    Vendor:   NVIDIA
    VRAM:     3977 MB
    Driver:   31.0.15.2799
Initialize mono
Mono path[0] = 'D:/Unity/2022.3.2f1/Editor/Data/Managed'
Mono path[1] = 'D:/Unity/2022.3.2f1/Editor/Data/MonoBleedingEdge/lib/mono/unityjit-win32'
Mono config path = 'D:/Unity/2022.3.2f1/Editor/Data/MonoBleedingEdge/etc'
Using monoOptions --debugger-agent=transport=dt_socket,embedding=1,server=y,suspend=n,address=127.0.0.1:56516
Begin MonoManager ReloadAssembly
Registering precompiled unity dll's ...
Register platform support module: D:/Unity/2022.3.2f1/Editor/Data/PlaybackEngines/WebGLSupport/UnityEditor.WebGL.Extensions.dll
Register platform support module: D:/Unity/2022.3.2f1/Editor/Data/PlaybackEngines/AndroidPlayer/UnityEditor.Android.Extensions.dll
Register platform support module: D:/Unity/2022.3.2f1/Editor/Data/PlaybackEngines/iOSSupport/UnityEditor.iOS.Extensions.dll
Register platform support module: D:/Unity/2022.3.2f1/Editor/Data/PlaybackEngines/WindowsStandaloneSupport/UnityEditor.WindowsStandalone.Extensions.dll
Registered in 0.002963 seconds.
- Loaded All Assemblies, in  0.230 seconds
Native extension for WindowsStandalone target not found
[usbmuxd] Start listen thread
[usbmuxd] Listen thread started
Native extension for iOS target not found
Native extension for Android target not found
Android Extension - Scanning For ADB Devices 204 ms
Native extension for WebGL target not found
Mono: successfully reloaded assembly
- Finished resetting the current domain, in  0.443 seconds
Domain Reload Profiling: 673ms
	BeginReloadAssembly (57ms)
		ExecutionOrderSort (0ms)
		DisableScriptedObjects (0ms)
		BackupInstance (0ms)
		ReleaseScriptingObjects (0ms)
		CreateAndSetChildDomain (1ms)
	RebuildCommonClasses (24ms)
	RebuildNativeTypeToScriptingClass (8ms)
	initialDomainReloadingComplete (36ms)
	LoadAllAssembliesAndSetupDomain (106ms)
		LoadAssemblies (57ms)
		RebuildTransferFunctionScriptingTraits (0ms)
		AnalyzeDomain (103ms)
			TypeCache.Refresh (103ms)
				TypeCache.ScanAssembly (95ms)
			ScanForSourceGeneratedMonoScriptInfo (0ms)
			ResolveRequiredComponents (0ms)
	FinalizeReload (443ms)
		ReleaseScriptCaches (0ms)
		RebuildScriptCaches (0ms)
		SetupLoadedEditorAssemblies (399ms)
			LogAssemblyErrors (0ms)
			InitializePlatformSupportModulesInManaged (291ms)
			SetLoadedEditorAssemblies (3ms)
			RefreshPlugins (0ms)
			BeforeProcessingInitializeOnLoad (2ms)
			ProcessInitializeOnLoadAttributes (70ms)
			ProcessInitializeOnLoadMethodAttributes (33ms)
			AfterProcessingInitializeOnLoad (0ms)
			EditorAssembliesLoaded (0ms)
		ExecutionOrderSort2 (0ms)
		AwakeInstancesAfterBackupRestoration (0ms)
========================================================================
Worker process is ready to serve import requests
Begin MonoManager ReloadAssembly
Symbol file LoadedFromMemory doesn't match image D:\Unity\Lesson_02\Library\PackageCache\com.unity.visualscripting@1.8.0\Editor\VisualScripting.Core\Dependencies\YamlDotNet\Unity.VisualScripting.YamlDotNet.dll
Symbol file LoadedFromMemory doesn't match image D:\Unity\Lesson_02\Library\PackageCache\com.unity.visualscripting@1.8.0\Editor\VisualScripting.Core\Dependencies\DotNetZip\Unity.VisualScripting.IonicZip.dll
- Loaded All Assemblies, in  0.562 seconds
Refreshing native plugins compatible for Editor in 0.98 ms, found 3 plugins.
Native extension for WindowsStandalone target not found
Native extension for iOS target not found
Native extension for Android target not found
Native extension for WebGL target not found
Mono: successfully reloaded assembly
- Finished resetting the current domain, in  0.451 seconds
Domain Reload Profiling: 1013ms
	BeginReloadAssembly (93ms)
		ExecutionOrderSort (0ms)
		DisableScriptedObjects (4ms)
		BackupInstance (0ms)
		ReleaseScriptingObjects (0ms)
		CreateAndSetChildDomain (16ms)
	RebuildCommonClasses (25ms)
	RebuildNativeTypeToScriptingClass (9ms)
	initialDomainReloadingComplete (29ms)
	LoadAllAssembliesAndSetupDomain (406ms)
		LoadAssemblies (204ms)
		RebuildTransferFunctionScriptingTraits (0ms)
		AnalyzeDomain (248ms)
			TypeCache.Refresh (233ms)
				TypeCache.ScanAssembly (223ms)
			ScanForSourceGeneratedMonoScriptInfo (12ms)
			ResolveRequiredComponents (3ms)
	FinalizeReload (451ms)
		ReleaseScriptCaches (0ms)
		RebuildScriptCaches (0ms)
		SetupLoadedEditorAssemblies (319ms)
			LogAssemblyErrors (0ms)
			InitializePlatformSupportModulesInManaged (26ms)
			SetLoadedEditorAssemblies (4ms)
			RefreshPlugins (0ms)
			BeforeProcessingInitializeOnLoad (65ms)
			ProcessInitializeOnLoadAttributes (201ms)
			ProcessInitializeOnLoadMethodAttributes (21ms)
			AfterProcessingInitializeOnLoad (1ms)
			EditorAssembliesLoaded (0ms)
		ExecutionOrderSort2 (0ms)
		AwakeInstancesAfterBackupRestoration (5ms)
Launched and connected shader compiler UnityShaderCompiler.exe after 0.04 seconds
Refreshing native plugins compatible for Editor in 1.20 ms, found 3 plugins.
Preloading 0 native plugins for Editor in 0.00 ms.
Unloading 3066 Unused Serialized files (Serialized files now loaded: 0)
Unloading 31 unused Assets / (56.2 KB). Loaded Objects now: 3533.
Memory consumption went from 121.7 MB to 121.6 MB.
Total: 2.935600 ms (FindLiveObjects: 0.253000 ms CreateObjectMapping: 0.079300 ms MarkObjects: 2.485300 ms  DeleteObjects: 0.116000 ms)

AssetImportParameters requested are different than current active one (requested -> active):
  custom:container-demuxer-ogg: 62fdf1f143b41e24485cea50d1cbac27 -> 
  custom:video-codec-MediaFoundation-h265: 746d11721c4dcdbdad8f713fa42b33f4 -> 
  custom:video-decoder-ogg-theora: a1e56fd34408186e4bbccfd4996cb3dc -> 
  custom:framework-win-MediaFoundation: 216162199b28c13a410421893ffa2e32 -> 
  custom:container-demuxer-webm: 4f35f7cbe854078d1ac9338744f61a02 -> 
  custom:container-muxer-webm: aa71ff27fc2769a1b78a27578f13a17b -> 
  custom:video-decoder-webm-vp8: 9c59270c3fd7afecdb556c50c9e8de78 -> 
  custom:AudioImporter_EditorPlatform: d09bf68614088b80899f8185d706f6e7 -> 
  custom:video-encoder-webm-vp8: eb34c28f22e8b96e1ab97ce403110664 -> 
  custom:audio-decoder-ogg-vorbis: bf7c407c2cedff20999df2af8eb42d56 -> 
  custom:audio-encoder-webm-vorbis: bf7c407c2cedff20999df2af8eb42d56 -> 
========================================================================
Received Import Request.
  Time since last request: 1565826.490531 seconds.
  path: Assets
  artifactKey: Guid(00000000000000001000000000000000) Importer(815301076,1909f56bfc062723c751e8b465ee728b)
Start importing Assets using Guid(00000000000000001000000000000000) Importer(815301076,1909f56bfc062723c751e8b465ee728b)  -> (artifact id: '8a4fe85251aa2e89732c359432baa2c3') in 0.002289 seconds
Number of updated asset objects reloaded before import = 0
Number of asset objects unloaded after import = 0
========================================================================
Received Import Request.
  Time since last request: 47.228978 seconds.
  path: Assets/Art/Effects/Particles/Part2_smoke.prefab
  artifactKey: Guid(7df833730d3ae8649b90a9f078ca4636) Importer(815301076,1909f56bfc062723c751e8b465ee728b)
Start importing Assets/Art/Effects/Particles/Part2_smoke.prefab using Guid(7df833730d3ae8649b90a9f078ca4636) Importer(815301076,1909f56bfc062723c751e8b465ee728b)  -> (artifact id: '939468576ff5458e9376a32fb5a23d98') in 0.116042 seconds
Number of updated asset objects reloaded before import = 0
Number of asset objects unloaded after import = 8
========================================================================
Received Import Request.
  Time since last request: 0.000029 seconds.
  path: Assets/Art/Effects/Particles/Part3_toxic smoke.prefab
  artifactKey: Guid(fe98fe1a5fddb294ca50879313db0a5f) Importer(815301076,1909f56bfc062723c751e8b465ee728b)
Start importing Assets/Art/Effects/Particles/Part3_toxic smoke.prefab using Guid(fe98fe1a5fddb294ca50879313db0a5f) Importer(815301076,1909f56bfc062723c751e8b465ee728b)  -> (artifact id: 'df01a23c579f784edf48e21f5061e505') in 0.015816 seconds
Number of updated asset objects reloaded before import = 0
Number of asset objects unloaded after import = 8
========================================================================
Received Import Request.
  Time since last request: 6.774454 seconds.
  path: Assets/Art/Models/Barrel1.fbx
  artifactKey: Guid(2b6ffcaa07fc8884397f37921272adaf) Importer(815301076,1909f56bfc062723c751e8b465ee728b)
Start importing Assets/Art/Models/Barrel1.fbx using Guid(2b6ffcaa07fc8884397f37921272adaf) Importer(815301076,1909f56bfc062723c751e8b465ee728b)  -> (artifact id: '7165f96bcac89440e219676a57f39ebc') in 0.237983 seconds
Number of updated asset objects reloaded before import = 0
Number of asset objects unloaded after import = 11
========================================================================
Received Import Request.
  Time since last request: 0.000024 seconds.
  path: Assets/Art/Models/BridgeWood_el3.fbx
  artifactKey: Guid(02302806550a0e54a980a4369020556f) Importer(815301076,1909f56bfc062723c751e8b465ee728b)
Start importing Assets/Art/Models/BridgeWood_el3.fbx using Guid(02302806550a0e54a980a4369020556f) Importer(815301076,1909f56bfc062723c751e8b465ee728b)  -> (artifact id: '60f80ab7d557172b3796ab34751142d8') in 0.023467 seconds
Number of updated asset objects reloaded before import = 0
Number of asset objects unloaded after import = 9
========================================================================
Received Import Request.
  Time since last request: 0.000025 seconds.
  path: Assets/Art/Models/Car5B.fbx
  artifactKey: Guid(af38530c981119245a75de5163dd7b74) Importer(815301076,1909f56bfc062723c751e8b465ee728b)
Start importing Assets/Art/Models/Car5B.fbx using Guid(af38530c981119245a75de5163dd7b74) Importer(815301076,1909f56bfc062723c751e8b465ee728b)  -> (artifact id: 'f1b03f69375af78a8bd5b669c116d95c') in 0.040483 seconds
Number of updated asset objects reloaded before import = 0
Number of asset objects unloaded after import = 21
========================================================================
Received Import Request.
  Time since last request: 0.000019 seconds.
  path: Assets/Art/Models/Car7A.fbx
  artifactKey: Guid(98fa2e27c8b14e44f988d4b615df95b4) Importer(815301076,1909f56bfc062723c751e8b465ee728b)
Start importing Assets/Art/Models/Car7A.fbx using Guid(98fa2e27c8b14e44f988d4b615df95b4) Importer(815301076,1909f56bfc062723c751e8b465ee728b)  -> (artifact id: '9ae4273cd11b5d7df6f10abaa2676344') in 0.037456 seconds
Number of updated asset objects reloaded before import = 0
Number of asset objects unloaded after import = 21
========================================================================
Received Import Request.
  Time since last request: 0.000022 seconds.
  path: Assets/Art/Models/Corn1.fbx
  artifactKey: Guid(eba13e41d98282d4094dd17f8b7ae2f6) Importer(815301076,1909f56bfc062723c751e8b465ee728b)
Start importing Assets/Art/Models/Corn1.fbx using Guid(eba13e41d98282d4094dd17f8b7ae2f6) Importer(815301076,1909f56bfc062723c751e8b465ee728b)  -> (artifact id: 'c5151643af1f5c610dfa92264c2723a4') in 0.022942 seconds
Number of updated asset objects reloaded before import = 0
Number of asset objects unloaded after import = 9
========================================================================
Received Import Request.
  Time since last request: 0.000017 seconds.
  path: Assets/Art/Models/Brickwall1A.fbx
  artifactKey: Guid(9015d30ce4feaa247985aaeff4e461b3) Importer(815301076,1909f56bfc062723c751e8b465ee728b)
Start importing Assets/Art/Models/Brickwall1A.fbx using Guid(9015d30ce4feaa247985aaeff4e461b3) Importer(815301076,1909f56bfc062723c751e8b465ee728b)  -> (artifact id: '442fc5e65a79b50660fcd820227cb446') in 0.021406 seconds
Number of updated asset objects reloaded before import = 0
Number of asset objects unloaded after import = 9
========================================================================
Received Import Request.
  Time since last request: 0.000019 seconds.
  path: Assets/Art/Models/Billboard1.fbx
  artifactKey: Guid(8e82176de5d3f44468ce38c39432e2ad) Importer(815301076,1909f56bfc062723c751e8b465ee728b)
Start importing Assets/Art/Models/Billboard1.fbx using Guid(8e82176de5d3f44468ce38c39432e2ad) Importer(815301076,1909f56bfc062723c751e8b465ee728b)  -> (artifact id: '226685c95e14105d7de7ebc9904e1a0e') in 0.044433 seconds
Number of updated asset objects reloaded before import = 0
Number of asset objects unloaded after import = 23
========================================================================
Received Import Request.
  Time since last request: 0.000021 seconds.
  path: Assets/Art/Models/Cabbage1.fbx
  artifactKey: Guid(d04545b9abf2fd94fbc95bdffcb5b889) Importer(815301076,1909f56bfc062723c751e8b465ee728b)
Start importing Assets/Art/Models/Cabbage1.fbx using Guid(d04545b9abf2fd94fbc95bdffcb5b889) Importer(815301076,1909f56bfc062723c751e8b465ee728b)  -> (artifact id: 'e484443a419d43e9e7af3f48a29239d3') in 0.030468 seconds
Number of updated asset objects reloaded before import = 0
Number of asset objects unloaded after import = 16
========================================================================
Received Import Request.
  Time since last request: 0.000018 seconds.
  path: Assets/Art/Models/Cliff1.fbx
  artifactKey: Guid(1409cc4fbdb01e5439f16c51beb003b0) Importer(815301076,1909f56bfc062723c751e8b465ee728b)
Start importing Assets/Art/Models/Cliff1.fbx using Guid(1409cc4fbdb01e5439f16c51beb003b0) Importer(815301076,1909f56bfc062723c751e8b465ee728b)  -> (artifact id: 'd24cdb061e7c94d070173ec33d648d5b') in 0.072084 seconds
Number of updated asset objects reloaded before import = 0
Number of asset objects unloaded after import = 10
========================================================================
Received Import Request.
  Time since last request: 0.000071 seconds.
  path: Assets/Art/Models/Carrot2.fbx
  artifactKey: Guid(27f722843a29f3645828dc50ec910ceb) Importer(815301076,1909f56bfc062723c751e8b465ee728b)
Start importing Assets/Art/Models/Carrot2.fbx using Guid(27f722843a29f3645828dc50ec910ceb) Importer(815301076,1909f56bfc062723c751e8b465ee728b)  -> (artifact id: '80da9265539af58ca2291d7b4bdc6756') in 0.031408 seconds
Number of updated asset objects reloaded before import = 0
Number of asset objects unloaded after import = 16
========================================================================
Received Import Request.
  Time since last request: 0.000027 seconds.
  path: Assets/Art/Models/Car4A.fbx
  artifactKey: Guid(d25db4c4d315bc140a5f9cdadf2de53b) Importer(815301076,1909f56bfc062723c751e8b465ee728b)
Start importing Assets/Art/Models/Car4A.fbx using Guid(d25db4c4d315bc140a5f9cdadf2de53b) Importer(815301076,1909f56bfc062723c751e8b465ee728b)  -> (artifact id: 'ded56261126b65e8962355cab083e205') in 0.036283 seconds
Number of updated asset objects reloaded before import = 0
Number of asset objects unloaded after import = 21
========================================================================
Received Import Request.
  Time since last request: 0.000018 seconds.
  path: Assets/Art/Models/Container2.fbx
  artifactKey: Guid(d3db7bf83932feb4f8f620611056927c) Importer(815301076,1909f56bfc062723c751e8b465ee728b)
Start importing Assets/Art/Models/Container2.fbx using Guid(d3db7bf83932feb4f8f620611056927c) Importer(815301076,1909f56bfc062723c751e8b465ee728b)  -> (artifact id: '97d5390cfc9d2887cc517febb1096ef2') in 0.021371 seconds
Number of updated asset objects reloaded before import = 0
Number of asset objects unloaded after import = 9
========================================================================
Received Import Request.
  Time since last request: 0.000020 seconds.
  path: Assets/Art/Models/Bench1.fbx
  artifactKey: Guid(d02b31461cbc0654784c6391dc2e4aa2) Importer(815301076,1909f56bfc062723c751e8b465ee728b)
Start importing Assets/Art/Models/Bench1.fbx using Guid(d02b31461cbc0654784c6391dc2e4aa2) Importer(815301076,1909f56bfc062723c751e8b465ee728b)  -> (artifact id: '33d91a24f5cf9f8c0d7334cb0130f166') in 0.024663 seconds
Number of updated asset objects reloaded before import = 0
Number of asset objects unloaded after import = 9
========================================================================
Received Import Request.
  Time since last request: 0.000018 seconds.
  path: Assets/Art/Models/Brickwall3B.fbx
  artifactKey: Guid(7435294af7d546d4a8d39edf937e8f56) Importer(815301076,1909f56bfc062723c751e8b465ee728b)
Start importing Assets/Art/Models/Brickwall3B.fbx using Guid(7435294af7d546d4a8d39edf937e8f56) Importer(815301076,1909f56bfc062723c751e8b465ee728b)  -> (artifact id: 'd2f38a27b9834a5867287630a58fa59b') in 0.021281 seconds
Number of updated asset objects reloaded before import = 0
Number of asset objects unloaded after import = 9
========================================================================
Received Import Request.
  Time since last request: 0.000022 seconds.
  path: Assets/Art/Models/BridgeWood_el1.fbx
  artifactKey: Guid(e0d20122a0ce9c842938842b2720cf13) Importer(815301076,1909f56bfc062723c751e8b465ee728b)
Start importing Assets/Art/Models/BridgeWood_el1.fbx using Guid(e0d20122a0ce9c842938842b2720cf13) Importer(815301076,1909f56bfc062723c751e8b465ee728b)  -> (artifact id: '422351280a4324f6019a287ce09d450a') in 0.022979 seconds
Number of updated asset objects reloaded before import = 0
Number of asset objects unloaded after import = 9
========================================================================
Received Import Request.
  Time since last request: 0.000019 seconds.
  path: Assets/Art/Models/Car2A.fbx
  artifactKey: Guid(a9f2f676a94824648bcecf7dce0aeca4) Importer(815301076,1909f56bfc062723c751e8b465ee728b)
Start importing Assets/Art/Models/Car2A.fbx using Guid(a9f2f676a94824648bcecf7dce0aeca4) Importer(815301076,1909f56bfc062723c751e8b465ee728b)  -> (artifact id: '6e073fee193a1377b98e2b0e5e9dc8ec') in 0.034843 seconds
Number of updated asset objects reloaded before import = 0
Number of asset objects unloaded after import = 21
========================================================================
Received Import Request.
  Time since last request: 0.000018 seconds.
  path: Assets/Art/Models/Brickwall2B.fbx
  artifactKey: Guid(6ae1d69f152280e4fa410d50f04dd540) Importer(815301076,1909f56bfc062723c751e8b465ee728b)
Start importing Assets/Art/Models/Brickwall2B.fbx using Guid(6ae1d69f152280e4fa410d50f04dd540) Importer(815301076,1909f56bfc062723c751e8b465ee728b)  -> (artifact id: '936ebaae5b8521e8be64058ba8be713e') in 0.023377 seconds
Number of updated asset objects reloaded before import = 0
Number of asset objects unloaded after import = 9
========================================================================
Received Import Request.
  Time since last request: 0.000023 seconds.
  path: Assets/Art/Models/Car5A.fbx
  artifactKey: Guid(583fe65bc0ba5da4382624bd00fbc4ac) Importer(815301076,1909f56bfc062723c751e8b465ee728b)
Start importing Assets/Art/Models/Car5A.fbx using Guid(583fe65bc0ba5da4382624bd00fbc4ac) Importer(815301076,1909f56bfc062723c751e8b465ee728b)  -> (artifact id: '48300212b9ac6b913cc368619cbcfb72') in 0.039490 seconds
Number of updated asset objects reloaded before import = 0
Number of asset objects unloaded after import = 21
========================================================================
Received Import Request.
  Time since last request: 0.000020 seconds.
  path: Assets/Art/Models/Box1.fbx
  artifactKey: Guid(e415c143f114d2f4b8f1019be8978f4e) Importer(815301076,1909f56bfc062723c751e8b465ee728b)
Start importing Assets/Art/Models/Box1.fbx using Guid(e415c143f114d2f4b8f1019be8978f4e) Importer(815301076,1909f56bfc062723c751e8b465ee728b)  -> (artifact id: '2f31f8a3176e84506a197d5e2d635053') in 0.022866 seconds
Number of updated asset objects reloaded before import = 0
Number of asset objects unloaded after import = 9
========================================================================
Received Import Request.
  Time since last request: 0.000032 seconds.
  path: Assets/Art/Models/Car4B.fbx
  artifactKey: Guid(c1ebe5b657af7c349ab7c7fddffe4ab4) Importer(815301076,1909f56bfc062723c751e8b465ee728b)
Start importing Assets/Art/Models/Car4B.fbx using Guid(c1ebe5b657af7c349ab7c7fddffe4ab4) Importer(815301076,1909f56bfc062723c751e8b465ee728b)  -> (artifact id: 'ebbb37722d6403dcd6ff4caa850679d7') in 0.032492 seconds
Number of updated asset objects reloaded before import = 0
Number of asset objects unloaded after import = 21
========================================================================
Received Import Request.
  Time since last request: 0.000018 seconds.
  path: Assets/Art/Models/Cabbage2.fbx
  artifactKey: Guid(b73bf9acf4b5e3142b447841fdd23a08) Importer(815301076,1909f56bfc062723c751e8b465ee728b)
Start importing Assets/Art/Models/Cabbage2.fbx using Guid(b73bf9acf4b5e3142b447841fdd23a08) Importer(815301076,1909f56bfc062723c751e8b465ee728b)  -> (artifact id: '863deec7099534d672bbed357f55701e') in 0.033152 seconds
Number of updated asset objects reloaded before import = 0
Number of asset objects unloaded after import = 16
========================================================================
Received Import Request.
  Time since last request: 0.000017 seconds.
  path: Assets/Art/Models/Box2.fbx
  artifactKey: Guid(05af9b3d76df9874093cfa12a85f5c0d) Importer(815301076,1909f56bfc062723c751e8b465ee728b)
Start importing Assets/Art/Models/Box2.fbx using Guid(05af9b3d76df9874093cfa12a85f5c0d) Importer(815301076,1909f56bfc062723c751e8b465ee728b)  -> (artifact id: '6802c74ff168feb89cc5bedc30b004f4') in 0.022320 seconds
Number of updated asset objects reloaded before import = 0
Number of asset objects unloaded after import = 9
========================================================================
Received Import Request.
  Time since last request: 0.000022 seconds.
  path: Assets/Art/Models/Carrot1.fbx
  artifactKey: Guid(6eca3b4e6ec30334aa6e45c5b6bf224d) Importer(815301076,1909f56bfc062723c751e8b465ee728b)
Start importing Assets/Art/Models/Carrot1.fbx using Guid(6eca3b4e6ec30334aa6e45c5b6bf224d) Importer(815301076,1909f56bfc062723c751e8b465ee728b)  -> (artifact id: 'f800ecbcfe84aae2fc26f50bfc036660') in 0.035224 seconds
Number of updated asset objects reloaded before import = 0
Number of asset objects unloaded after import = 16
========================================================================
Received Import Request.
  Time since last request: 0.736004 seconds.
  path: Assets/Art/Models/Evac1A.fbx
  artifactKey: Guid(e88e6a4d27671d9439b7f22c74864203) Importer(815301076,1909f56bfc062723c751e8b465ee728b)
Start importing Assets/Art/Models/Evac1A.fbx using Guid(e88e6a4d27671d9439b7f22c74864203) Importer(815301076,1909f56bfc062723c751e8b465ee728b)  -> (artifact id: '1fe4e930574fd8b6974c98d05ede3005') in 0.032493 seconds
Number of updated asset objects reloaded before import = 0
Number of asset objects unloaded after import = 16
========================================================================
Received Import Request.
  Time since last request: 0.000022 seconds.
  path: Assets/Art/Models/Farm_fence3.fbx
  artifactKey: Guid(9dfc9dc703022eb45a68a94dbba0496d) Importer(815301076,1909f56bfc062723c751e8b465ee728b)
Start importing Assets/Art/Models/Farm_fence3.fbx using Guid(9dfc9dc703022eb45a68a94dbba0496d) Importer(815301076,1909f56bfc062723c751e8b465ee728b)  -> (artifact id: '6b525709b98d253ed5d86a906cb4f7c2') in 0.024762 seconds
Number of updated asset objects reloaded before import = 0
Number of asset objects unloaded after import = 9
========================================================================
Received Import Request.
  Time since last request: 0.000016 seconds.
  path: Assets/Art/Models/Food_bar.fbx
  artifactKey: Guid(874067a31cbeabd4fa87dda3dd601664) Importer(815301076,1909f56bfc062723c751e8b465ee728b)
Start importing Assets/Art/Models/Food_bar.fbx using Guid(874067a31cbeabd4fa87dda3dd601664) Importer(815301076,1909f56bfc062723c751e8b465ee728b)  -> (artifact id: 'fa39599368c5e6d770bef2d05708fc7c') in 0.022812 seconds
Number of updated asset objects reloaded before import = 0
Number of asset objects unloaded after import = 9
========================================================================
Received Import Request.
  Time since last request: 0.000056 seconds.
  path: Assets/Art/Models/House6.fbx
  artifactKey: Guid(2630e017a78fc004aa56613738353c06) Importer(815301076,1909f56bfc062723c751e8b465ee728b)
Start importing Assets/Art/Models/House6.fbx using Guid(2630e017a78fc004aa56613738353c06) Importer(815301076,1909f56bfc062723c751e8b465ee728b)  -> (artifact id: 'cb4c88bdc62980a9dba957e64db86ced') in 0.020068 seconds
Number of updated asset objects reloaded before import = 0
Number of asset objects unloaded after import = 9
========================================================================
Received Import Request.
  Time since last request: 0.000058 seconds.
  path: Assets/Art/Models/House4.fbx
  artifactKey: Guid(c7b053d80afa30c489d1a20753d3d8bb) Importer(815301076,1909f56bfc062723c751e8b465ee728b)
Start importing Assets/Art/Models/House4.fbx using Guid(c7b053d80afa30c489d1a20753d3d8bb) Importer(815301076,1909f56bfc062723c751e8b465ee728b)  -> (artifact id: '95007f4e4621102c7068d71ddd6a7a2e') in 0.027125 seconds
Number of updated asset objects reloaded before import = 0
Number of asset objects unloaded after import = 9
========================================================================
Received Import Request.
  Time since last request: 0.000031 seconds.
  path: Assets/Art/Models/House7.fbx
  artifactKey: Guid(406c809227dbdfc4cba965b28b5bbd5e) Importer(815301076,1909f56bfc062723c751e8b465ee728b)
Start importing Assets/Art/Models/House7.fbx using Guid(406c809227dbdfc4cba965b28b5bbd5e) Importer(815301076,1909f56bfc062723c751e8b465ee728b)  -> (artifact id: 'aa68d7493922d8ac9056c52cfd69a5cc') in 0.024308 seconds
Number of updated asset objects reloaded before import = 0
Number of asset objects unloaded after import = 9
========================================================================
Received Import Request.
  Time since last request: 0.000018 seconds.
  path: Assets/Art/Models/House3.fbx
  artifactKey: Guid(23b1979a85f76b941a522440189b027d) Importer(815301076,1909f56bfc062723c751e8b465ee728b)
Start importing Assets/Art/Models/House3.fbx using Guid(23b1979a85f76b941a522440189b027d) Importer(815301076,1909f56bfc062723c751e8b465ee728b)  -> (artifact id: '49b5c6bd0169fb200b240fe2d90ac12f') in 0.021332 seconds
Number of updated asset objects reloaded before import = 0
Number of asset objects unloaded after import = 9
========================================================================
Received Import Request.
  Time since last request: 0.000022 seconds.
  path: Assets/Art/Models/Fence1_pole.fbx
  artifactKey: Guid(6117dd8a0bedddd469f538e030384ca4) Importer(815301076,1909f56bfc062723c751e8b465ee728b)
Start importing Assets/Art/Models/Fence1_pole.fbx using Guid(6117dd8a0bedddd469f538e030384ca4) Importer(815301076,1909f56bfc062723c751e8b465ee728b)  -> (artifact id: '363ccbea921077b217cb3931e9856611') in 0.023019 seconds
Number of updated asset objects reloaded before import = 0
Number of asset objects unloaded after import = 9
========================================================================
Received Import Request.
  Time since last request: 0.000016 seconds.
  path: Assets/Art/Models/Garage4.fbx
  artifactKey: Guid(5026dafcd1d01cc47a6d55044316f353) Importer(815301076,1909f56bfc062723c751e8b465ee728b)
Start importing Assets/Art/Models/Garage4.fbx using Guid(5026dafcd1d01cc47a6d55044316f353) Importer(815301076,1909f56bfc062723c751e8b465ee728b)  -> (artifact id: 'dc013f2905eae80e5ab7acdc37f21336') in 0.019583 seconds
Number of updated asset objects reloaded before import = 0
Number of asset objects unloaded after import = 9
========================================================================
Received Import Request.
  Time since last request: 0.000017 seconds.
  path: Assets/Art/Models/Gas_bottle.fbx
  artifactKey: Guid(fc50a7961060f91438e7949144cbe2f6) Importer(815301076,1909f56bfc062723c751e8b465ee728b)
Start importing Assets/Art/Models/Gas_bottle.fbx using Guid(fc50a7961060f91438e7949144cbe2f6) Importer(815301076,1909f56bfc062723c751e8b465ee728b)  -> (artifact id: '105ffa1775f78a8a6aee7e39834468cc') in 0.024962 seconds
Number of updated asset objects reloaded before import = 0
Number of asset objects unloaded after import = 9
========================================================================
Received Import Request.
  Time since last request: 0.000024 seconds.
  path: Assets/Art/Models/Gas_Station_road.fbx
  artifactKey: Guid(930289701ac6c8b41a36ed46cb7d5907) Importer(815301076,1909f56bfc062723c751e8b465ee728b)
Start importing Assets/Art/Models/Gas_Station_road.fbx using Guid(930289701ac6c8b41a36ed46cb7d5907) Importer(815301076,1909f56bfc062723c751e8b465ee728b)  -> (artifact id: '5945e0e694f3b71d5d971a3b5c183cd7') in 0.020432 seconds
Number of updated asset objects reloaded before import = 0
Number of asset objects unloaded after import = 9
========================================================================
Received Import Request.
  Time since last request: 0.000030 seconds.
  path: Assets/Art/Models/House1.fbx
  artifactKey: Guid(1837334ea9dca3a49bc9af9a75383eb4) Importer(815301076,1909f56bfc062723c751e8b465ee728b)
Start importing Assets/Art/Models/House1.fbx using Guid(1837334ea9dca3a49bc9af9a75383eb4) Importer(815301076,1909f56bfc062723c751e8b465ee728b)  -> (artifact id: '5ba03acbe63ad4d0bcd67e66d528407d') in 0.024572 seconds
Number of updated asset objects reloaded before import = 0
Number of asset objects unloaded after import = 11
========================================================================
Received Import Request.
  Time since last request: 0.000021 seconds.
  path: Assets/Art/Models/Grill.fbx
  artifactKey: Guid(2898b6d49e9c11e4e840fe85c9912144) Importer(815301076,1909f56bfc062723c751e8b465ee728b)
Start importing Assets/Art/Models/Grill.fbx using Guid(2898b6d49e9c11e4e840fe85c9912144) Importer(815301076,1909f56bfc062723c751e8b465ee728b)  -> (artifact id: '6da978bf9ad9d5d3f162bccac93fc04a') in 0.023356 seconds
Number of updated asset objects reloaded before import = 0
Number of asset objects unloaded after import = 9
========================================================================
Received Import Request.
  Time since last request: 0.000016 seconds.
  path: Assets/Art/Models/Farm_2.fbx
  artifactKey: Guid(7f7a795d336b900428f634ca7ab22be0) Importer(815301076,1909f56bfc062723c751e8b465ee728b)
Start importing Assets/Art/Models/Farm_2.fbx using Guid(7f7a795d336b900428f634ca7ab22be0) Importer(815301076,1909f56bfc062723c751e8b465ee728b)  -> (artifact id: 'a87fe79896bf583485f312102f22e500') in 0.025578 seconds
Number of updated asset objects reloaded before import = 0
Number of asset objects unloaded after import = 9
========================================================================
Received Import Request.
  Time since last request: 0.000029 seconds.
  path: Assets/Art/Models/Garage1.fbx
  artifactKey: Guid(a2e4438e64f604449900e0fbba0b271e) Importer(815301076,1909f56bfc062723c751e8b465ee728b)
Start importing Assets/Art/Models/Garage1.fbx using Guid(a2e4438e64f604449900e0fbba0b271e) Importer(815301076,1909f56bfc062723c751e8b465ee728b)  -> (artifact id: '8869fd7d3ab27251b63565ac258955d5') in 0.025146 seconds
Number of updated asset objects reloaded before import = 0
Number of asset objects unloaded after import = 9
========================================================================
Received Import Request.
  Time since last request: 0.000018 seconds.
  path: Assets/Art/Models/Gas_Tank.fbx
  artifactKey: Guid(739dd0b8dad2dca44938788b9ebfd97f) Importer(815301076,1909f56bfc062723c751e8b465ee728b)
Start importing Assets/Art/Models/Gas_Tank.fbx using Guid(739dd0b8dad2dca44938788b9ebfd97f) Importer(815301076,1909f56bfc062723c751e8b465ee728b)  -> (artifact id: '329bba93b59bbfc09c08881a263eb6f0') in 0.026293 seconds
Number of updated asset objects reloaded before import = 0
Number of asset objects unloaded after import = 9
========================================================================
Received Import Request.
  Time since last request: 0.226288 seconds.
  path: Assets/Art/Models/House10.fbx
  artifactKey: Guid(e938beffbfced1e409a6ecd848cffe4d) Importer(815301076,1909f56bfc062723c751e8b465ee728b)
Start importing Assets/Art/Models/House10.fbx using Guid(e938beffbfced1e409a6ecd848cffe4d) Importer(815301076,1909f56bfc062723c751e8b465ee728b)  -> (artifact id: '0f9ae8f8e39d9508f2175315575bbe90') in 0.026176 seconds
Number of updated asset objects reloaded before import = 0
Number of asset objects unloaded after import = 9
========================================================================
Received Import Request.
  Time since last request: 0.000016 seconds.
  path: Assets/Art/Models/House18.fbx
  artifactKey: Guid(310d526bbbbd4b94ca19baf692e59fe0) Importer(815301076,1909f56bfc062723c751e8b465ee728b)
Start importing Assets/Art/Models/House18.fbx using Guid(310d526bbbbd4b94ca19baf692e59fe0) Importer(815301076,1909f56bfc062723c751e8b465ee728b)  -> (artifact id: '9cc72fc217dd16a5202a8e9e12186d49') in 0.024861 seconds
Number of updated asset objects reloaded before import = 0
Number of asset objects unloaded after import = 9
========================================================================
Received Import Request.
  Time since last request: 0.000019 seconds.
  path: Assets/Art/Models/Pipe1D.fbx
  artifactKey: Guid(44bb80a806c755d419665b6a4ce0bd36) Importer(815301076,1909f56bfc062723c751e8b465ee728b)
Start importing Assets/Art/Models/Pipe1D.fbx using Guid(44bb80a806c755d419665b6a4ce0bd36) Importer(815301076,1909f56bfc062723c751e8b465ee728b)  -> (artifact id: '181bd02370eb7433ff128625de79e4de') in 0.021185 seconds
Number of updated asset objects reloaded before import = 0
Number of asset objects unloaded after import = 9
========================================================================
Received Import Request.
  Time since last request: 0.000021 seconds.
  path: Assets/Art/Models/Pipe1E.fbx
  artifactKey: Guid(6049b0506c728d54b847c5681313827d) Importer(815301076,1909f56bfc062723c751e8b465ee728b)
Start importing Assets/Art/Models/Pipe1E.fbx using Guid(6049b0506c728d54b847c5681313827d) Importer(815301076,1909f56bfc062723c751e8b465ee728b)  -> (artifact id: 'b193525ecc11d377e8617beb3aa86ebd') in 0.024547 seconds
Number of updated asset objects reloaded before import = 0
Number of asset objects unloaded after import = 9
========================================================================
Received Import Request.
  Time since last request: 0.000018 seconds.
  path: Assets/Art/Models/Road1.fbx
  artifactKey: Guid(5d3f6194d2c750b459b1ce9bcc89a748) Importer(815301076,1909f56bfc062723c751e8b465ee728b)
Start importing Assets/Art/Models/Road1.fbx using Guid(5d3f6194d2c750b459b1ce9bcc89a748) Importer(815301076,1909f56bfc062723c751e8b465ee728b)  -> (artifact id: '6885c7c546f6f07195e30729d105055f') in 0.019849 seconds
Number of updated asset objects reloaded before import = 0
Number of asset objects unloaded after import = 9
========================================================================
Received Import Request.
  Time since last request: 0.000025 seconds.
  path: Assets/Art/Models/Rock4.fbx
  artifactKey: Guid(2377a58b24969b7468186c2ec27a2c57) Importer(815301076,1909f56bfc062723c751e8b465ee728b)
Start importing Assets/Art/Models/Rock4.fbx using Guid(2377a58b24969b7468186c2ec27a2c57) Importer(815301076,1909f56bfc062723c751e8b465ee728b)  -> (artifact id: '9f08df92df4d3a51016e97820e036cd1') in 0.021535 seconds
Number of updated asset objects reloaded before import = 0
Number of asset objects unloaded after import = 10
========================================================================
Received Import Request.
  Time since last request: 0.000018 seconds.
  path: Assets/Art/Models/Metal_Fance1.fbx
  artifactKey: Guid(4d8ef2d94a6b27b47a5991c652cf2a00) Importer(815301076,1909f56bfc062723c751e8b465ee728b)
Start importing Assets/Art/Models/Metal_Fance1.fbx using Guid(4d8ef2d94a6b27b47a5991c652cf2a00) Importer(815301076,1909f56bfc062723c751e8b465ee728b)  -> (artifact id: '08435e7bbbf328edfa34a3c859032c7d') in 0.023435 seconds
Number of updated asset objects reloaded before import = 0
Number of asset objects unloaded after import = 11
========================================================================
Received Import Request.
  Time since last request: 0.000024 seconds.
  path: Assets/Art/Models/Pipe1B.fbx
  artifactKey: Guid(adfb7e7f8ba04d94e907777e4a4be9e6) Importer(815301076,1909f56bfc062723c751e8b465ee728b)
Start importing Assets/Art/Models/Pipe1B.fbx using Guid(adfb7e7f8ba04d94e907777e4a4be9e6) Importer(815301076,1909f56bfc062723c751e8b465ee728b)  -> (artifact id: '7966fae75bbb3596cade139216e0ae02') in 0.022818 seconds
Number of updated asset objects reloaded before import = 0
Number of asset objects unloaded after import = 9
========================================================================
Received Import Request.
  Time since last request: 0.000021 seconds.
  path: Assets/Art/Models/Pumpkin2.fbx
  artifactKey: Guid(b294cbdf002300640aff26ea81a163d1) Importer(815301076,1909f56bfc062723c751e8b465ee728b)
Start importing Assets/Art/Models/Pumpkin2.fbx using Guid(b294cbdf002300640aff26ea81a163d1) Importer(815301076,1909f56bfc062723c751e8b465ee728b)  -> (artifact id: 'c8db2ae1b90c19bdc03dba1b58eb19ac') in 0.033230 seconds
Number of updated asset objects reloaded before import = 0
Number of asset objects unloaded after import = 16
========================================================================
Received Import Request.
  Time since last request: 0.000029 seconds.
  path: Assets/Art/Models/Road5.fbx
  artifactKey: Guid(6b1418f5cdb1f3b458a3f8eeef800c6d) Importer(815301076,1909f56bfc062723c751e8b465ee728b)
Start importing Assets/Art/Models/Road5.fbx using Guid(6b1418f5cdb1f3b458a3f8eeef800c6d) Importer(815301076,1909f56bfc062723c751e8b465ee728b)  -> (artifact id: 'a7aa3d2106bf413ca65f88e35cba608e') in 0.018006 seconds
Number of updated asset objects reloaded before import = 0
Number of asset objects unloaded after import = 9
========================================================================
Received Import Request.
  Time since last request: 0.000028 seconds.
  path: Assets/Art/Models/Rock5.fbx
  artifactKey: Guid(f00e5356b8345364086c405b615a21fd) Importer(815301076,1909f56bfc062723c751e8b465ee728b)
Start importing Assets/Art/Models/Rock5.fbx using Guid(f00e5356b8345364086c405b615a21fd) Importer(815301076,1909f56bfc062723c751e8b465ee728b)  -> (artifact id: 'fccf4ed4da070565987352e9589e9108') in 0.020421 seconds
Number of updated asset objects reloaded before import = 0
Number of asset objects unloaded after import = 10
========================================================================
Received Import Request.
  Time since last request: 0.000024 seconds.
  path: Assets/Art/Models/Mailbox.fbx
  artifactKey: Guid(38ad7d5fdccc3a74bb533c92e909af16) Importer(815301076,1909f56bfc062723c751e8b465ee728b)
Start importing Assets/Art/Models/Mailbox.fbx using Guid(38ad7d5fdccc3a74bb533c92e909af16) Importer(815301076,1909f56bfc062723c751e8b465ee728b)  -> (artifact id: '1b3802d8910c2cc03a518ca46ff1e4f7') in 0.023026 seconds
Number of updated asset objects reloaded before import = 0
Number of asset objects unloaded after import = 9
========================================================================
Received Import Request.
  Time since last request: 0.000032 seconds.
  path: Assets/Art/Models/Pumpkin4.fbx
  artifactKey: Guid(93b6db3f4736a9d4789ee9cbe3a04144) Importer(815301076,1909f56bfc062723c751e8b465ee728b)
Start importing Assets/Art/Models/Pumpkin4.fbx using Guid(93b6db3f4736a9d4789ee9cbe3a04144) Importer(815301076,1909f56bfc062723c751e8b465ee728b)  -> (artifact id: 'b4e56f5dda0df1e833206f18d19cbd3b') in 0.032193 seconds
Number of updated asset objects reloaded before import = 0
Number of asset objects unloaded after import = 16
========================================================================
Received Import Request.
  Time since last request: 0.000016 seconds.
  path: Assets/Art/Models/Pipe1A.fbx
  artifactKey: Guid(b04af4adf8d470740a5aad0a81c4aaea) Importer(815301076,1909f56bfc062723c751e8b465ee728b)
Start importing Assets/Art/Models/Pipe1A.fbx using Guid(b04af4adf8d470740a5aad0a81c4aaea) Importer(815301076,1909f56bfc062723c751e8b465ee728b)  -> (artifact id: '7e7d01396b67119855db09813affe38f') in 0.032879 seconds
Number of updated asset objects reloaded before import = 0
Number of asset objects unloaded after import = 9
========================================================================
Received Import Request.
  Time since last request: 0.000017 seconds.
  path: Assets/Art/Models/Rock3.fbx
  artifactKey: Guid(ce127f0be8e4d074082e4541e0e52255) Importer(815301076,1909f56bfc062723c751e8b465ee728b)
Start importing Assets/Art/Models/Rock3.fbx using Guid(ce127f0be8e4d074082e4541e0e52255) Importer(815301076,1909f56bfc062723c751e8b465ee728b)  -> (artifact id: '02ba96ee0b1ea8937fa65f61df8c3d82') in 0.020309 seconds
Number of updated asset objects reloaded before import = 0
Number of asset objects unloaded after import = 10
========================================================================
Received Import Request.
  Time since last request: 0.000021 seconds.
  path: Assets/Art/Models/Lumber.fbx
  artifactKey: Guid(b80c5bffb07ebd544872dea02eb701d7) Importer(815301076,1909f56bfc062723c751e8b465ee728b)
Start importing Assets/Art/Models/Lumber.fbx using Guid(b80c5bffb07ebd544872dea02eb701d7) Importer(815301076,1909f56bfc062723c751e8b465ee728b)  -> (artifact id: '93694084fc77cf1b85b151d6f87cb0d8') in 0.023008 seconds
Number of updated asset objects reloaded before import = 0
Number of asset objects unloaded after import = 9
========================================================================
Received Import Request.
  Time since last request: 0.000016 seconds.
  path: Assets/Art/Models/House13.fbx
  artifactKey: Guid(4b40221022404f146b663b08bf71a530) Importer(815301076,1909f56bfc062723c751e8b465ee728b)
Start importing Assets/Art/Models/House13.fbx using Guid(4b40221022404f146b663b08bf71a530) Importer(815301076,1909f56bfc062723c751e8b465ee728b)  -> (artifact id: '40e17d1f3599a7f58b542c150e34aa63') in 0.023112 seconds
Number of updated asset objects reloaded before import = 0
Number of asset objects unloaded after import = 9
========================================================================
Received Import Request.
  Time since last request: 0.000021 seconds.
  path: Assets/Art/Models/Powerpole1.fbx
  artifactKey: Guid(85fdd84abc357ff4fb29a5d25d6277b8) Importer(815301076,1909f56bfc062723c751e8b465ee728b)
Start importing Assets/Art/Models/Powerpole1.fbx using Guid(85fdd84abc357ff4fb29a5d25d6277b8) Importer(815301076,1909f56bfc062723c751e8b465ee728b)  -> (artifact id: 'cd9251a9141f273a9ad723299b4aac9c') in 0.021968 seconds
Number of updated asset objects reloaded before import = 0
Number of asset objects unloaded after import = 9
========================================================================
Received Import Request.
  Time since last request: 0.000024 seconds.
  path: Assets/Art/Models/Powrbox1.fbx
  artifactKey: Guid(1f0ef9932716f8c448914d40148a40f7) Importer(815301076,1909f56bfc062723c751e8b465ee728b)
Start importing Assets/Art/Models/Powrbox1.fbx using Guid(1f0ef9932716f8c448914d40148a40f7) Importer(815301076,1909f56bfc062723c751e8b465ee728b)  -> (artifact id: '081c23b1a51217c4795ae5907bf1354d') in 0.020064 seconds
Number of updated asset objects reloaded before import = 0
Number of asset objects unloaded after import = 9
========================================================================
Received Import Request.
  Time since last request: 0.000052 seconds.
  path: Assets/Art/Models/House11.fbx
  artifactKey: Guid(c92dc41ac0b4f174b971b155c29f9f78) Importer(815301076,1909f56bfc062723c751e8b465ee728b)
Start importing Assets/Art/Models/House11.fbx using Guid(c92dc41ac0b4f174b971b155c29f9f78) Importer(815301076,1909f56bfc062723c751e8b465ee728b)  -> (artifact id: '7fe2b93091e52e90aa95348b8204d8d4') in 0.023762 seconds
Number of updated asset objects reloaded before import = 0
Number of asset objects unloaded after import = 9
========================================================================
Received Import Request.
  Time since last request: 0.000022 seconds.
  path: Assets/Art/Models/Rock2.fbx
  artifactKey: Guid(84f6ec24af99b9d439bc0c25c0ea2e06) Importer(815301076,1909f56bfc062723c751e8b465ee728b)
Start importing Assets/Art/Models/Rock2.fbx using Guid(84f6ec24af99b9d439bc0c25c0ea2e06) Importer(815301076,1909f56bfc062723c751e8b465ee728b)  -> (artifact id: 'a58597fd03b5fb1bf851c3858d0cad54') in 0.022734 seconds
Number of updated asset objects reloaded before import = 0
Number of asset objects unloaded after import = 10
========================================================================
Received Import Request.
  Time since last request: 0.000015 seconds.
  path: Assets/Art/Models/Road9.fbx
  artifactKey: Guid(0bceecba57a8b514ea8c1c1a9b380394) Importer(815301076,1909f56bfc062723c751e8b465ee728b)
Start importing Assets/Art/Models/Road9.fbx using Guid(0bceecba57a8b514ea8c1c1a9b380394) Importer(815301076,1909f56bfc062723c751e8b465ee728b)  -> (artifact id: 'be20584c0b9347af529833af11722857') in 0.021675 seconds
Number of updated asset objects reloaded before import = 0
Number of asset objects unloaded after import = 9
========================================================================
Received Import Request.
  Time since last request: 0.000017 seconds.
  path: Assets/Art/Models/House14.fbx
  artifactKey: Guid(22e1e5da0b586d349b7214f73f8a3260) Importer(815301076,1909f56bfc062723c751e8b465ee728b)
Start importing Assets/Art/Models/House14.fbx using Guid(22e1e5da0b586d349b7214f73f8a3260) Importer(815301076,1909f56bfc062723c751e8b465ee728b)  -> (artifact id: '07bc358b5c68bd193cc27c54969293a3') in 0.019821 seconds
Number of updated asset objects reloaded before import = 0
Number of asset objects unloaded after import = 9
========================================================================
Received Import Request.
  Time since last request: 0.000016 seconds.
  path: Assets/Art/Models/Rock1.fbx
  artifactKey: Guid(98249f7e1e1c683449cca823a74cbb3e) Importer(815301076,1909f56bfc062723c751e8b465ee728b)
Start importing Assets/Art/Models/Rock1.fbx using Guid(98249f7e1e1c683449cca823a74cbb3e) Importer(815301076,1909f56bfc062723c751e8b465ee728b)  -> (artifact id: '3d0946ca0149d5880cdac04c29536eb7') in 0.018603 seconds
Number of updated asset objects reloaded before import = 0
Number of asset objects unloaded after import = 10
========================================================================
Received Import Request.
  Time since last request: 0.238285 seconds.
  path: Assets/Art/Models/Shed2A.fbx
  artifactKey: Guid(6255399b8c91b7b4aaa9207640754830) Importer(815301076,1909f56bfc062723c751e8b465ee728b)
Start importing Assets/Art/Models/Shed2A.fbx using Guid(6255399b8c91b7b4aaa9207640754830) Importer(815301076,1909f56bfc062723c751e8b465ee728b)  -> (artifact id: 'f28b2ccb9b16747835842f7ded556fb9') in 0.036607 seconds
Number of updated asset objects reloaded before import = 0
Number of asset objects unloaded after import = 9
========================================================================
Received Import Request.
  Time since last request: 0.000022 seconds.
  path: Assets/Art/Models/Street_el3.fbx
  artifactKey: Guid(a7ad9d259d4afae4b8241a4fe8a8a6b6) Importer(815301076,1909f56bfc062723c751e8b465ee728b)
Start importing Assets/Art/Models/Street_el3.fbx using Guid(a7ad9d259d4afae4b8241a4fe8a8a6b6) Importer(815301076,1909f56bfc062723c751e8b465ee728b)  -> (artifact id: '6ce7de3188721e0a2efff629e87c8767') in 0.022879 seconds
Number of updated asset objects reloaded before import = 0
Number of asset objects unloaded after import = 9
========================================================================
Received Import Request.
  Time since last request: 0.000022 seconds.
  path: Assets/Art/Models/Shop.fbx
  artifactKey: Guid(3e457484fb2ce0f409f1808b13af69c3) Importer(815301076,1909f56bfc062723c751e8b465ee728b)
Start importing Assets/Art/Models/Shop.fbx using Guid(3e457484fb2ce0f409f1808b13af69c3) Importer(815301076,1909f56bfc062723c751e8b465ee728b)  -> (artifact id: 'ac6cb8b7c83394af6f39c2a20111d8f3') in 0.023401 seconds
Number of updated asset objects reloaded before import = 0
Number of asset objects unloaded after import = 9
========================================================================
Received Import Request.
  Time since last request: 0.000021 seconds.
  path: Assets/Art/Models/Tree_conf2.fbx
  artifactKey: Guid(bf5ef49729c093c4cb25c29c6679b22e) Importer(815301076,1909f56bfc062723c751e8b465ee728b)
Start importing Assets/Art/Models/Tree_conf2.fbx using Guid(bf5ef49729c093c4cb25c29c6679b22e) Importer(815301076,1909f56bfc062723c751e8b465ee728b)  -> (artifact id: 'fbc68fa24b3fc579547d6af3a5495b32') in 0.035477 seconds
Number of updated asset objects reloaded before import = 0
Number of asset objects unloaded after import = 9
========================================================================
Received Import Request.
  Time since last request: 0.000019 seconds.
  path: Assets/Art/Models/Signboard2.fbx
  artifactKey: Guid(5bfe6c1e6c3695740995742add37c5cc) Importer(815301076,1909f56bfc062723c751e8b465ee728b)
Start importing Assets/Art/Models/Signboard2.fbx using Guid(5bfe6c1e6c3695740995742add37c5cc) Importer(815301076,1909f56bfc062723c751e8b465ee728b)  -> (artifact id: '01711b039bdcf4e60774ae2a06258f67') in 0.020523 seconds
Number of updated asset objects reloaded before import = 0
Number of asset objects unloaded after import = 9
========================================================================
Received Import Request.
  Time since last request: 0.000025 seconds.
  path: Assets/Art/Models/Shrooms.fbx
  artifactKey: Guid(45b58f61afb78574aae310530253a330) Importer(815301076,1909f56bfc062723c751e8b465ee728b)
Start importing Assets/Art/Models/Shrooms.fbx using Guid(45b58f61afb78574aae310530253a330) Importer(815301076,1909f56bfc062723c751e8b465ee728b)  -> (artifact id: 'cabb9d40f1ecde927178c811a167e37c') in 0.023192 seconds
Number of updated asset objects reloaded before import = 0
Number of asset objects unloaded after import = 9
========================================================================
Received Import Request.
  Time since last request: 0.000020 seconds.
  path: Assets/Art/Models/Streetlight_el1.fbx
  artifactKey: Guid(df5d39ae31a383e43acd4b9fd59f0acc) Importer(815301076,1909f56bfc062723c751e8b465ee728b)
Start importing Assets/Art/Models/Streetlight_el1.fbx using Guid(df5d39ae31a383e43acd4b9fd59f0acc) Importer(815301076,1909f56bfc062723c751e8b465ee728b)  -> (artifact id: 'feee070881c67a0e3799b8bcd881651c') in 0.021375 seconds
Number of updated asset objects reloaded before import = 0
Number of asset objects unloaded after import = 9
========================================================================
Received Import Request.
  Time since last request: 0.000019 seconds.
  path: Assets/Art/Models/Tree6.fbx
  artifactKey: Guid(585fe30591bd55043b59bc9d87f7c055) Importer(815301076,1909f56bfc062723c751e8b465ee728b)
Start importing Assets/Art/Models/Tree6.fbx using Guid(585fe30591bd55043b59bc9d87f7c055) Importer(815301076,1909f56bfc062723c751e8b465ee728b)  -> (artifact id: 'bef41f83972684416d5c474a8d0608f6') in 0.023028 seconds
Number of updated asset objects reloaded before import = 0
Number of asset objects unloaded after import = 9
========================================================================
Received Import Request.
  Time since last request: 0.000018 seconds.
  path: Assets/Art/Models/Trash1.fbx
  artifactKey: Guid(bee2d5801f4782d44aeda82b16d66c10) Importer(815301076,1909f56bfc062723c751e8b465ee728b)
Start importing Assets/Art/Models/Trash1.fbx using Guid(bee2d5801f4782d44aeda82b16d66c10) Importer(815301076,1909f56bfc062723c751e8b465ee728b)  -> (artifact id: 'b3ee8821fa650683d62a06eb4b581500') in 0.023440 seconds
Number of updated asset objects reloaded before import = 0
Number of asset objects unloaded after import = 9
========================================================================
Received Import Request.
  Time since last request: 0.000022 seconds.
  path: Assets/Art/Models/Signboard3.fbx
  artifactKey: Guid(babe5d4a0cc17e54caeab19751d88d59) Importer(815301076,1909f56bfc062723c751e8b465ee728b)
Start importing Assets/Art/Models/Signboard3.fbx using Guid(babe5d4a0cc17e54caeab19751d88d59) Importer(815301076,1909f56bfc062723c751e8b465ee728b)  -> (artifact id: '8bd86ad25366b95f2537850edd8b53d5') in 0.020778 seconds
Number of updated asset objects reloaded before import = 0
Number of asset objects unloaded after import = 9
========================================================================
Received Import Request.
  Time since last request: 0.000017 seconds.
  path: Assets/Art/Models/Windmill2.fbx
  artifactKey: Guid(2cf51f751fd00f948895e383112883fa) Importer(815301076,1909f56bfc062723c751e8b465ee728b)
Start importing Assets/Art/Models/Windmill2.fbx using Guid(2cf51f751fd00f948895e383112883fa) Importer(815301076,1909f56bfc062723c751e8b465ee728b)  -> (artifact id: 'b36af0ab7e1e8f4b9a8b9fdf68cc53a6') in 0.033893 seconds
Number of updated asset objects reloaded before import = 0
Number of asset objects unloaded after import = 16
========================================================================
Received Import Request.
  Time since last request: 0.000036 seconds.
  path: Assets/Art/Models/Tire.fbx
  artifactKey: Guid(1525eacdd3c4da5418c638586b174432) Importer(815301076,1909f56bfc062723c751e8b465ee728b)
Start importing Assets/Art/Models/Tire.fbx using Guid(1525eacdd3c4da5418c638586b174432) Importer(815301076,1909f56bfc062723c751e8b465ee728b)  -> (artifact id: '5398a00c4156302601d187c3928f5c11') in 0.024895 seconds
Number of updated asset objects reloaded before import = 0
Number of asset objects unloaded after import = 9
========================================================================
Received Import Request.
  Time since last request: 0.000016 seconds.
  path: Assets/Art/Models/Street_el2.fbx
  artifactKey: Guid(93487139d7e5fbe4ca620865e31e277b) Importer(815301076,1909f56bfc062723c751e8b465ee728b)
Start importing Assets/Art/Models/Street_el2.fbx using Guid(93487139d7e5fbe4ca620865e31e277b) Importer(815301076,1909f56bfc062723c751e8b465ee728b)  -> (artifact id: '16a5a8fb3cdb59acb1ab74ece352bebd') in 0.022223 seconds
Number of updated asset objects reloaded before import = 0
Number of asset objects unloaded after import = 9
========================================================================
Received Import Request.
  Time since last request: 0.000016 seconds.
  path: Assets/Art/Models/Watermelon1.fbx
  artifactKey: Guid(f0965bd95a30aa742ac0f61fcdf5aa1a) Importer(815301076,1909f56bfc062723c751e8b465ee728b)
Start importing Assets/Art/Models/Watermelon1.fbx using Guid(f0965bd95a30aa742ac0f61fcdf5aa1a) Importer(815301076,1909f56bfc062723c751e8b465ee728b)  -> (artifact id: '3708b1c22455d3077c26b9d020f6927d') in 0.026948 seconds
Number of updated asset objects reloaded before import = 0
Number of asset objects unloaded after import = 16
========================================================================
Received Import Request.
  Time since last request: 3.021208 seconds.
  path: Assets/Art/Textures/icon.png
  artifactKey: Guid(70b8f1e71c65b31438ff332055a184f9) Importer(815301076,1909f56bfc062723c751e8b465ee728b)
Start importing Assets/Art/Textures/icon.png using Guid(70b8f1e71c65b31438ff332055a184f9) Importer(815301076,1909f56bfc062723c751e8b465ee728b)  -> (artifact id: 'fa460ce9892a307f32a2a61ca43982b6') in 0.025878 seconds
Number of updated asset objects reloaded before import = 0
Number of asset objects unloaded after import = 2
========================================================================
Received Import Request.
  Time since last request: 0.000061 seconds.
  path: Assets/Art/Textures/Rock1_nmp.tif
  artifactKey: Guid(7ddd1d99f767f8e459cc7dcbc463b631) Importer(815301076,1909f56bfc062723c751e8b465ee728b)
Start importing Assets/Art/Textures/Rock1_nmp.tif using Guid(7ddd1d99f767f8e459cc7dcbc463b631) Importer(815301076,1909f56bfc062723c751e8b465ee728b)  -> (artifact id: '4c468dc3d39fa6cc952ba34d7f6d87a9') in 0.026713 seconds
Number of updated asset objects reloaded before import = 0
Number of asset objects unloaded after import = 2
========================================================================
Received Import Request.
  Time since last request: 1917.925583 seconds.
  path: Assets/Art/Models/Materials/Atlas1_alpha.mat
  artifactKey: Guid(1aee2a54df074a74fb4a26bce452c8e8) Importer(815301076,1909f56bfc062723c751e8b465ee728b)
Start importing Assets/Art/Models/Materials/Atlas1_alpha.mat using Guid(1aee2a54df074a74fb4a26bce452c8e8) Importer(815301076,1909f56bfc062723c751e8b465ee728b)  -> (artifact id: 'def0cbf616dcae8b9929a80d842475f6') in 0.172949 seconds
Number of updated asset objects reloaded before import = 0
Number of asset objects unloaded after import = 2
========================================================================
Received Import Request.
  Time since last request: 0.000026 seconds.
  path: Assets/Art/Models/Materials/mk4_logo.mat
  artifactKey: Guid(e19f99ea5d63ba848ba5fba0376f429b) Importer(815301076,1909f56bfc062723c751e8b465ee728b)
Start importing Assets/Art/Models/Materials/mk4_logo.mat using Guid(e19f99ea5d63ba848ba5fba0376f429b) Importer(815301076,1909f56bfc062723c751e8b465ee728b)  -> (artifact id: 'd507e65bbda4234d8257f6fde9092435') in 0.030744 seconds
Number of updated asset objects reloaded before import = 0
Number of asset objects unloaded after import = 2
========================================================================
Received Import Request.
  Time since last request: 0.000022 seconds.
  path: Assets/Art/Models/Materials/Roads.mat
  artifactKey: Guid(fd536587bcc6a0241ac1c556acfe7314) Importer(815301076,1909f56bfc062723c751e8b465ee728b)
Start importing Assets/Art/Models/Materials/Roads.mat using Guid(fd536587bcc6a0241ac1c556acfe7314) Importer(815301076,1909f56bfc062723c751e8b465ee728b)  -> (artifact id: '5d4e8f7d4753b5ff242e2e5b3c57e811') in 0.020663 seconds
Number of updated asset objects reloaded before import = 0
Number of asset objects unloaded after import = 2
Editor requested this worker to shutdown with reason: Scaling down because of idle timeout
TcpMessagingSession - receive error: operation aborted. errorcode: 995, details: The I/O operation has been aborted because of either a thread exit or an application request.
AssetImportWorker is now disconnected from the server
Process exiting
Exiting without the bug reporter. Application will terminate with return code 0